<?xml version="1.0" encoding="UTF-8"?>
<!-- Generated by org.testng.reporters.JUnitReportReporter -->
<testsuite hostname="DESKTOP-601D2VQ" failures="0" tests="2" name="test.test" time="137.878" errors="0" timestamp="2024-02-12T16:19:06 EET" skipped="1">
  <testcase classname="test.test" name="myAppTesting" time="137.878"/>
  <system-out/>
  <testcase classname="test.test" name="testWebsiteOnMobileBrowser">
    <skipped/>
  </testcase> <!-- testWebsiteOnMobileBrowser -->
  <system-out/>
</testsuite> <!-- test.test -->
